<?xml version="1.0" encoding="UTF-8"?>
<!-- Generated by org.testng.reporters.JUnitXMLReporter -->
<testsuite hostname="DESKTOP-3U003I0" name="Validating title" tests="1" failures="0" timestamp="4 Feb 2020 16:27:17 GMT" time="15.108" errors="0">
  <testcase name="@BeforeTest initalizeDriver" time="0.0" classname="Academy.validateTitle">
    <failure type="org.openqa.selenium.SessionNotCreatedException" message="session not created
from chrome not reachable
  (Session info: chrome=79.0.3945.130)
Build info: version: &amp;apos;3.141.59&amp;apos;, revision: &amp;apos;e82be7d358&amp;apos;, time: &amp;apos;2018-11-14T08:17:03&amp;apos;
System info: host: &amp;apos;DESKTOP-3U003I0&amp;apos;, ip: &amp;apos;192.168.0.13&amp;apos;, os.name: &amp;apos;Windows 10&amp;apos;, os.arch: &amp;apos;amd64&amp;apos;, os.version: &amp;apos;10.0&amp;apos;, java.version: &amp;apos;1.8.0_231&amp;apos;
Driver info: driver.version: ChromeDriver
remote stacktrace: Backtrace:
	Ordinal0 [0x00DFA113+1548563]
	Ordinal0 [0x00D7DDA1+1039777]
	Ordinal0 [0x00CFE32E+516910]
	Ordinal0 [0x00CF8012+491538]
	Ordinal0 [0x00CF86EB+493291]
	Ordinal0 [0x00CF9855+497749]
	Ordinal0 [0x00CF5885+481413]
	Ordinal0 [0x00CFF0D0+520400]
	Ordinal0 [0x00CAC030+180272]
	Ordinal0 [0x00CAB59D+177565]
	Ordinal0 [0x00CA95FB+169467]
	Ordinal0 [0x00C9160A+71178]
	Ordinal0 [0x00C92690+75408]
	Ordinal0 [0x00C92629+75305]
	Ordinal0 [0x00D971B7+1143223]
	GetHandleVerifier [0x00E92B46+507814]
	GetHandleVerifier [0x00E92864+507076]
	GetHandleVerifier [0x00E99F47+537511]
	GetHandleVerifier [0x00E93402+510050]
	Ordinal0 [0x00D8F29C+1110684]
	Ordinal0 [0x00D9938B+1151883]
	Ordinal0 [0x00D994F3+1152243]
	Ordinal0 [0x00D983F5+1147893]
	BaseThreadInitThunk [0x76C16359+25]
	RtlGetAppContainerNamedObjectPath [0x77947B74+228]
	RtlGetAppContainerNamedObjectPath [0x77947B44+180]
">
      <![CDATA[org.openqa.selenium.SessionNotCreatedException: session not created
from chrome not reachable
  (Session info: chrome=79.0.3945.130)
Build info: version: '3.141.59', revision: 'e82be7d358', time: '2018-11-14T08:17:03'
System info: host: 'DESKTOP-3U003I0', ip: '192.168.0.13', os.name: 'Windows 10', os.arch: 'amd64', os.version: '10.0', java.version: '1.8.0_231'
Driver info: driver.version: ChromeDriver
remote stacktrace: Backtrace:
	Ordinal0 [0x00DFA113+1548563]
	Ordinal0 [0x00D7DDA1+1039777]
	Ordinal0 [0x00CFE32E+516910]
	Ordinal0 [0x00CF8012+491538]
	Ordinal0 [0x00CF86EB+493291]
	Ordinal0 [0x00CF9855+497749]
	Ordinal0 [0x00CF5885+481413]
	Ordinal0 [0x00CFF0D0+520400]
	Ordinal0 [0x00CAC030+180272]
	Ordinal0 [0x00CAB59D+177565]
	Ordinal0 [0x00CA95FB+169467]
	Ordinal0 [0x00C9160A+71178]
	Ordinal0 [0x00C92690+75408]
	Ordinal0 [0x00C92629+75305]
	Ordinal0 [0x00D971B7+1143223]
	GetHandleVerifier [0x00E92B46+507814]
	GetHandleVerifier [0x00E92864+507076]
	GetHandleVerifier [0x00E99F47+537511]
	GetHandleVerifier [0x00E93402+510050]
	Ordinal0 [0x00D8F29C+1110684]
	Ordinal0 [0x00D9938B+1151883]
	Ordinal0 [0x00D994F3+1152243]
	Ordinal0 [0x00D983F5+1147893]
	BaseThreadInitThunk [0x76C16359+25]
	RtlGetAppContainerNamedObjectPath [0x77947B74+228]
	RtlGetAppContainerNamedObjectPath [0x77947B44+180]

	at org.openqa.selenium.remote.W3CHandshakeResponse.lambda$errorHandler$0(W3CHandshakeResponse.java:62)
	at org.openqa.selenium.remote.HandshakeResponse.lambda$getResponseFunction$0(HandshakeResponse.java:30)
	at org.openqa.selenium.remote.ProtocolHandshake.lambda$createSession$0(ProtocolHandshake.java:126)
	at java.util.stream.ReferencePipeline$3$1.accept(ReferencePipeline.java:193)
	at java.util.Spliterators$ArraySpliterator.tryAdvance(Spliterators.java:958)
	at java.util.stream.ReferencePipeline.forEachWithCancel(ReferencePipeline.java:126)
	at java.util.stream.AbstractPipeline.copyIntoWithCancel(AbstractPipeline.java:499)
	at java.util.stream.AbstractPipeline.copyInto(AbstractPipeline.java:486)
	at java.util.stream.AbstractPipeline.wrapAndCopyInto(AbstractPipeline.java:472)
	at java.util.stream.FindOps$FindOp.evaluateSequential(FindOps.java:152)
	at java.util.stream.AbstractPipeline.evaluate(AbstractPipeline.java:234)
	at java.util.stream.ReferencePipeline.findFirst(ReferencePipeline.java:464)
	at org.openqa.selenium.remote.ProtocolHandshake.createSession(ProtocolHandshake.java:128)
	at org.openqa.selenium.remote.ProtocolHandshake.createSession(ProtocolHandshake.java:74)
	at org.openqa.selenium.remote.HttpCommandExecutor.execute(HttpCommandExecutor.java:136)
	at org.openqa.selenium.remote.service.DriverCommandExecutor.execute(DriverCommandExecutor.java:83)
	at org.openqa.selenium.remote.RemoteWebDriver.execute(RemoteWebDriver.java:552)
	at org.openqa.selenium.remote.RemoteWebDriver.startSession(RemoteWebDriver.java:213)
	at org.openqa.selenium.remote.RemoteWebDriver.<init>(RemoteWebDriver.java:131)
	at org.openqa.selenium.chrome.ChromeDriver.<init>(ChromeDriver.java:181)
	at org.openqa.selenium.chrome.ChromeDriver.<init>(ChromeDriver.java:168)
	at org.openqa.selenium.chrome.ChromeDriver.<init>(ChromeDriver.java:123)
	at resources.base.initalizeDriver(base.java:42)
	at org.apache.maven.surefire.testng.TestNGExecutor.run(TestNGExecutor.java:283)
	at org.apache.maven.surefire.testng.TestNGXmlTestSuite.execute(TestNGXmlTestSuite.java:75)
	at org.apache.maven.surefire.testng.TestNGProvider.invoke(TestNGProvider.java:120)
	at org.apache.maven.surefire.util.ReflectionUtils.invokeMethodWithArray2(ReflectionUtils.java:186)
	at org.apache.maven.surefire.booter.ProviderFactory$ProviderProxy.invoke(ProviderFactory.java:161)
	at org.apache.maven.surefire.booter.ProviderFactory.invokeProvider(ProviderFactory.java:84)
	at org.apache.maven.plugin.surefire.InPluginVMSurefireStarter.runSuitesInProcess(InPluginVMSurefireStarter.java:87)
	at org.apache.maven.plugin.surefire.AbstractSurefireMojo.executeProvider(AbstractSurefireMojo.java:1198)
	at org.apache.maven.plugin.surefire.AbstractSurefireMojo.executeAfterPreconditionsChecked(AbstractSurefireMojo.java:1063)
	at org.apache.maven.plugin.surefire.AbstractSurefireMojo.execute(AbstractSurefireMojo.java:889)
	at org.apache.maven.plugin.DefaultBuildPluginManager.executeMojo(DefaultBuildPluginManager.java:137)
	at org.apache.maven.lifecycle.internal.MojoExecutor.execute(MojoExecutor.java:210)
	at org.apache.maven.lifecycle.internal.MojoExecutor.execute(MojoExecutor.java:156)
	at org.apache.maven.lifecycle.internal.MojoExecutor.execute(MojoExecutor.java:148)
	at org.apache.maven.lifecycle.internal.LifecycleModuleBuilder.buildProject(LifecycleModuleBuilder.java:117)
	at org.apache.maven.lifecycle.internal.LifecycleModuleBuilder.buildProject(LifecycleModuleBuilder.java:81)
	at org.apache.maven.lifecycle.internal.builder.singlethreaded.SingleThreadedBuilder.build(SingleThreadedBuilder.java:56)
	at org.apache.maven.lifecycle.internal.LifecycleStarter.execute(LifecycleStarter.java:128)
	at org.apache.maven.DefaultMaven.doExecute(DefaultMaven.java:305)
	at org.apache.maven.DefaultMaven.doExecute(DefaultMaven.java:192)
	at org.apache.maven.DefaultMaven.execute(DefaultMaven.java:105)
	at org.apache.maven.cli.MavenCli.execute(MavenCli.java:957)
	at org.apache.maven.cli.MavenCli.doMain(MavenCli.java:289)
	at org.apache.maven.cli.MavenCli.main(MavenCli.java:193)
	at org.codehaus.plexus.classworlds.launcher.Launcher.launchEnhanced(Launcher.java:282)
	at org.codehaus.plexus.classworlds.launcher.Launcher.launch(Launcher.java:225)
	at org.codehaus.plexus.classworlds.launcher.Launcher.mainWithExitCode(Launcher.java:406)
	at org.codehaus.plexus.classworlds.launcher.Launcher.main(Launcher.java:347)
... Removed 31 stack frames]]>
    </failure>
  </testcase> <!-- @BeforeTest initalizeDriver -->
  <testcase name="@AfterTest tearDown" time="0.0" classname="Academy.validateTitle">
    <skipped/>
  </testcase> <!-- @AfterTest tearDown -->
  <testcase name="getTitle" time="0.0" classname="Academy.validateTitle">
    <skipped/>
  </testcase> <!-- getTitle -->
</testsuite> <!-- Validating title -->
